Analysis & Synthesis report for sum_N
Sun Mar 23 00:09:08 2025
Quartus Prime Version 23.1std.1 Build 993 05/14/2024 SC Lite Edition


---------------------
; Table of Contents ;
---------------------
  1. Legal Notice
  2. Analysis & Synthesis Summary
  3. Analysis & Synthesis Settings
  4. Parallel Compilation
  5. Analysis & Synthesis Source Files Read
  6. Analysis & Synthesis Resource Usage Summary
  7. Analysis & Synthesis Resource Utilization by Entity
  8. Analysis & Synthesis DSP Block Usage Summary
  9. General Register Statistics
 10. Parameter Settings for User Entity Instance: Top-level Entity: |alu
 11. Parameter Settings for User Entity Instance: sum_N:sumN
 12. Parameter Settings for User Entity Instance: nBitsSubstractor:subs
 13. Parameter Settings for User Entity Instance: division:div
 14. Port Connectivity Checks: "nBitsSubstractor:subs|fullAdder:adder_loop[0].adder"
 15. Post-Synthesis Netlist Statistics for Top Partition
 16. Elapsed Time Per Partition
 17. Analysis & Synthesis Messages



----------------
; Legal Notice ;
----------------
Copyright (C) 2024  Intel Corporation. All rights reserved.
Your use of Intel Corporation's design tools, logic functions 
and other software and tools, and any partner logic 
functions, and any output files from any of the foregoing 
(including device programming or simulation files), and any 
associated documentation or information are expressly subject 
to the terms and conditions of the Intel Program License 
Subscription Agreement, the Intel Quartus Prime License Agreement,
the Intel FPGA IP License Agreement, or other applicable license
agreement, including, without limitation, that your use is for
the sole purpose of programming logic devices manufactured by
Intel and sold by Intel or its authorized distributors.  Please
refer to the applicable agreement for further details, at
https://fpgasoftware.intel.com/eula.



+----------------------------------------------------------------------------------+
; Analysis & Synthesis Summary                                                     ;
+---------------------------------+------------------------------------------------+
; Analysis & Synthesis Status     ; Successful - Sun Mar 23 00:09:08 2025          ;
; Quartus Prime Version           ; 23.1std.1 Build 993 05/14/2024 SC Lite Edition ;
; Revision Name                   ; sum_N                                          ;
; Top-level Entity Name           ; alu                                            ;
; Family                          ; Cyclone V                                      ;
; Logic utilization (in ALMs)     ; N/A                                            ;
; Total registers                 ; 0                                              ;
; Total pins                      ; 34                                             ;
; Total virtual pins              ; 0                                              ;
; Total block memory bits         ; 0                                              ;
; Total DSP Blocks                ; 1                                              ;
; Total HSSI RX PCSs              ; 0                                              ;
; Total HSSI PMA RX Deserializers ; 0                                              ;
; Total HSSI TX PCSs              ; 0                                              ;
; Total HSSI PMA TX Serializers   ; 0                                              ;
; Total PLLs                      ; 0                                              ;
; Total DLLs                      ; 0                                              ;
+---------------------------------+------------------------------------------------+


+---------------------------------------------------------------------------------------------------------------------------+
; Analysis & Synthesis Settings                                                                                             ;
+---------------------------------------------------------------------------------+--------------------+--------------------+
; Option                                                                          ; Setting            ; Default Value      ;
+---------------------------------------------------------------------------------+--------------------+--------------------+
; Device                                                                          ; 5CSXFC6D6F31C6     ;                    ;
; Top-level entity name                                                           ; alu                ; sum_N              ;
; Family name                                                                     ; Cyclone V          ; Cyclone V          ;
; Use smart compilation                                                           ; Off                ; Off                ;
; Enable parallel Assembler and Timing Analyzer during compilation                ; On                 ; On                 ;
; Enable compact report table                                                     ; Off                ; Off                ;
; Restructure Multiplexers                                                        ; Auto               ; Auto               ;
; MLAB Add Timing Constraints For Mixed-Port Feed-Through Mode Setting Don't Care ; Off                ; Off                ;
; Create Debugging Nodes for IP Cores                                             ; Off                ; Off                ;
; Preserve fewer node names                                                       ; On                 ; On                 ;
; Intel FPGA IP Evaluation Mode                                                   ; Enable             ; Enable             ;
; Verilog Version                                                                 ; Verilog_2001       ; Verilog_2001       ;
; VHDL Version                                                                    ; VHDL_1993          ; VHDL_1993          ;
; State Machine Processing                                                        ; Auto               ; Auto               ;
; Safe State Machine                                                              ; Off                ; Off                ;
; Extract Verilog State Machines                                                  ; On                 ; On                 ;
; Extract VHDL State Machines                                                     ; On                 ; On                 ;
; Ignore Verilog initial constructs                                               ; Off                ; Off                ;
; Iteration limit for constant Verilog loops                                      ; 5000               ; 5000               ;
; Iteration limit for non-constant Verilog loops                                  ; 250                ; 250                ;
; Add Pass-Through Logic to Inferred RAMs                                         ; On                 ; On                 ;
; Infer RAMs from Raw Logic                                                       ; On                 ; On                 ;
; Parallel Synthesis                                                              ; On                 ; On                 ;
; DSP Block Balancing                                                             ; Auto               ; Auto               ;
; NOT Gate Push-Back                                                              ; On                 ; On                 ;
; Power-Up Don't Care                                                             ; On                 ; On                 ;
; Remove Redundant Logic Cells                                                    ; Off                ; Off                ;
; Remove Duplicate Registers                                                      ; On                 ; On                 ;
; Ignore CARRY Buffers                                                            ; Off                ; Off                ;
; Ignore CASCADE Buffers                                                          ; Off                ; Off                ;
; Ignore GLOBAL Buffers                                                           ; Off                ; Off                ;
; Ignore ROW GLOBAL Buffers                                                       ; Off                ; Off                ;
; Ignore LCELL Buffers                                                            ; Off                ; Off                ;
; Ignore SOFT Buffers                                                             ; On                 ; On                 ;
; Limit AHDL Integers to 32 Bits                                                  ; Off                ; Off                ;
; Optimization Technique                                                          ; Balanced           ; Balanced           ;
; Carry Chain Length                                                              ; 70                 ; 70                 ;
; Auto Carry Chains                                                               ; On                 ; On                 ;
; Auto Open-Drain Pins                                                            ; On                 ; On                 ;
; Perform WYSIWYG Primitive Resynthesis                                           ; Off                ; Off                ;
; Auto ROM Replacement                                                            ; On                 ; On                 ;
; Auto RAM Replacement                                                            ; On                 ; On                 ;
; Auto DSP Block Replacement                                                      ; On                 ; On                 ;
; Auto Shift Register Replacement                                                 ; Auto               ; Auto               ;
; Allow Shift Register Merging across Hierarchies                                 ; Auto               ; Auto               ;
; Auto Clock Enable Replacement                                                   ; On                 ; On                 ;
; Strict RAM Replacement                                                          ; Off                ; Off                ;
; Allow Synchronous Control Signals                                               ; On                 ; On                 ;
; Force Use of Synchronous Clear Signals                                          ; Off                ; Off                ;
; Auto Resource Sharing                                                           ; Off                ; Off                ;
; Allow Any RAM Size For Recognition                                              ; Off                ; Off                ;
; Allow Any ROM Size For Recognition                                              ; Off                ; Off                ;
; Allow Any Shift Register Size For Recognition                                   ; Off                ; Off                ;
; Use LogicLock Constraints during Resource Balancing                             ; On                 ; On                 ;
; Ignore translate_off and synthesis_off directives                               ; Off                ; Off                ;
; Timing-Driven Synthesis                                                         ; On                 ; On                 ;
; Report Parameter Settings                                                       ; On                 ; On                 ;
; Report Source Assignments                                                       ; On                 ; On                 ;
; Report Connectivity Checks                                                      ; On                 ; On                 ;
; Ignore Maximum Fan-Out Assignments                                              ; Off                ; Off                ;
; Synchronization Register Chain Length                                           ; 3                  ; 3                  ;
; Power Optimization During Synthesis                                             ; Normal compilation ; Normal compilation ;
; HDL message level                                                               ; Level2             ; Level2             ;
; Suppress Register Optimization Related Messages                                 ; Off                ; Off                ;
; Number of Removed Registers Reported in Synthesis Report                        ; 5000               ; 5000               ;
; Number of Swept Nodes Reported in Synthesis Report                              ; 5000               ; 5000               ;
; Number of Inverted Registers Reported in Synthesis Report                       ; 100                ; 100                ;
; Clock MUX Protection                                                            ; On                 ; On                 ;
; Auto Gated Clock Conversion                                                     ; Off                ; Off                ;
; Block Design Naming                                                             ; Auto               ; Auto               ;
; SDC constraint protection                                                       ; Off                ; Off                ;
; Synthesis Effort                                                                ; Auto               ; Auto               ;
; Shift Register Replacement - Allow Asynchronous Clear Signal                    ; On                 ; On                 ;
; Pre-Mapping Resynthesis Optimization                                            ; Off                ; Off                ;
; Analysis & Synthesis Message Level                                              ; Medium             ; Medium             ;
; Disable Register Merging Across Hierarchies                                     ; Auto               ; Auto               ;
; Resource Aware Inference For Block RAM                                          ; On                 ; On                 ;
; Automatic Parallel Synthesis                                                    ; On                 ; On                 ;
; Partial Reconfiguration Bitstream ID                                            ; Off                ; Off                ;
+---------------------------------------------------------------------------------+--------------------+--------------------+


+------------------------------------------+
; Parallel Compilation                     ;
+----------------------------+-------------+
; Processors                 ; Number      ;
+----------------------------+-------------+
; Number detected on machine ; 8           ;
; Maximum allowed            ; 8           ;
;                            ;             ;
; Average used               ; 1.00        ;
; Maximum used               ; 1           ;
;                            ;             ;
; Usage by Processor         ; % Time Used ;
;     Processor 1            ; 100.0%      ;
+----------------------------+-------------+


+------------------------------------------------------------------------------------------------------------------------------------------------------------------------------------------+
; Analysis & Synthesis Source Files Read                                                                                                                                                   ;
+----------------------------------+-----------------+------------------------------+--------------------------------------------------------------------------------------------+---------+
; File Name with User-Entered Path ; Used in Netlist ; File Type                    ; File Name with Absolute Path                                                               ; Library ;
+----------------------------------+-----------------+------------------------------+--------------------------------------------------------------------------------------------+---------+
; bcd_4bits.sv                     ; yes             ; User SystemVerilog HDL File  ; D:/jserracin_fmendez_gvargas_digital_design_lab_2025/laboratorio_2/ALU/bcd_4bits.sv        ;         ;
; sum_N.sv                         ; yes             ; User SystemVerilog HDL File  ; D:/jserracin_fmendez_gvargas_digital_design_lab_2025/laboratorio_2/ALU/sum_N.sv            ;         ;
; alu.sv                           ; yes             ; User SystemVerilog HDL File  ; D:/jserracin_fmendez_gvargas_digital_design_lab_2025/laboratorio_2/ALU/alu.sv              ;         ;
; fullAdder.sv                     ; yes             ; User SystemVerilog HDL File  ; D:/jserracin_fmendez_gvargas_digital_design_lab_2025/laboratorio_2/ALU/fullAdder.sv        ;         ;
; nBitsSubstractor.sv              ; yes             ; User SystemVerilog HDL File  ; D:/jserracin_fmendez_gvargas_digital_design_lab_2025/laboratorio_2/ALU/nBitsSubstractor.sv ;         ;
; division.sv                      ; yes             ; User SystemVerilog HDL File  ; D:/jserracin_fmendez_gvargas_digital_design_lab_2025/laboratorio_2/ALU/division.sv         ;         ;
+----------------------------------+-----------------+------------------------------+--------------------------------------------------------------------------------------------+---------+


+--------------------------------------------------------------+
; Analysis & Synthesis Resource Usage Summary                  ;
+---------------------------------------------+----------------+
; Resource                                    ; Usage          ;
+---------------------------------------------+----------------+
; Estimate of Logic utilization (ALMs needed) ; 34             ;
;                                             ;                ;
; Combinational ALUT usage for logic          ; 61             ;
;     -- 7 input functions                    ; 4              ;
;     -- 6 input functions                    ; 3              ;
;     -- 5 input functions                    ; 19             ;
;     -- 4 input functions                    ; 20             ;
;     -- <=3 input functions                  ; 15             ;
;                                             ;                ;
; Dedicated logic registers                   ; 0              ;
;                                             ;                ;
; I/O pins                                    ; 34             ;
;                                             ;                ;
; Total DSP Blocks                            ; 1              ;
;                                             ;                ;
; Maximum fan-out node                        ; B_inv[1]~input ;
; Maximum fan-out                             ; 16             ;
; Total fan-out                               ; 321            ;
; Average fan-out                             ; 2.47           ;
+---------------------------------------------+----------------+


+---------------------------------------------------------------------------------------------------------------------------------------------------------------------------------------------------------------------------------------------+
; Analysis & Synthesis Resource Utilization by Entity                                                                                                                                                                                         ;
+---------------------------------------+---------------------+---------------------------+-------------------+------------+------+--------------+----------------------------------------------------------+------------------+--------------+
; Compilation Hierarchy Node            ; Combinational ALUTs ; Dedicated Logic Registers ; Block Memory Bits ; DSP Blocks ; Pins ; Virtual Pins ; Full Hierarchy Name                                      ; Entity Name      ; Library Name ;
+---------------------------------------+---------------------+---------------------------+-------------------+------------+------+--------------+----------------------------------------------------------+------------------+--------------+
; |alu                                  ; 61 (19)             ; 0 (0)                     ; 0                 ; 1          ; 34   ; 0            ; |alu                                                     ; alu              ; work         ;
;    |bcd_4bits:bcd|                    ; 8 (8)               ; 0 (0)                     ; 0                 ; 0          ; 0    ; 0            ; |alu|bcd_4bits:bcd                                       ; bcd_4bits        ; work         ;
;    |division:div|                     ; 25 (25)             ; 0 (0)                     ; 0                 ; 0          ; 0    ; 0            ; |alu|division:div                                        ; division         ; work         ;
;    |nBitsSubstractor:subs|            ; 5 (0)               ; 0 (0)                     ; 0                 ; 0          ; 0    ; 0            ; |alu|nBitsSubstractor:subs                               ; nBitsSubstractor ; work         ;
;       |fullAdder:adder_loop[0].adder| ; 1 (1)               ; 0 (0)                     ; 0                 ; 0          ; 0    ; 0            ; |alu|nBitsSubstractor:subs|fullAdder:adder_loop[0].adder ; fullAdder        ; work         ;
;       |fullAdder:adder_loop[1].adder| ; 1 (1)               ; 0 (0)                     ; 0                 ; 0          ; 0    ; 0            ; |alu|nBitsSubstractor:subs|fullAdder:adder_loop[1].adder ; fullAdder        ; work         ;
;       |fullAdder:adder_loop[2].adder| ; 2 (2)               ; 0 (0)                     ; 0                 ; 0          ; 0    ; 0            ; |alu|nBitsSubstractor:subs|fullAdder:adder_loop[2].adder ; fullAdder        ; work         ;
;       |fullAdder:adder_loop[3].adder| ; 1 (1)               ; 0 (0)                     ; 0                 ; 0          ; 0    ; 0            ; |alu|nBitsSubstractor:subs|fullAdder:adder_loop[3].adder ; fullAdder        ; work         ;
;    |sum_N:sumN|                       ; 4 (4)               ; 0 (0)                     ; 0                 ; 0          ; 0    ; 0            ; |alu|sum_N:sumN                                          ; sum_N            ; work         ;
+---------------------------------------+---------------------+---------------------------+-------------------+------------+------+--------------+----------------------------------------------------------+------------------+--------------+
Note: For table entries with two numbers listed, the numbers in parentheses indicate the number of resources of the given type used by the specific entity alone. The numbers listed outside of parentheses indicate the total resources of the given type used by the specific entity and all of its sub-entities in the hierarchy.


+-----------------------------------------------+
; Analysis & Synthesis DSP Block Usage Summary  ;
+---------------------------------+-------------+
; Statistic                       ; Number Used ;
+---------------------------------+-------------+
; Independent 9x9                 ; 1           ;
; Total number of DSP blocks      ; 1           ;
;                                 ;             ;
; Fixed Point Unsigned Multiplier ; 1           ;
+---------------------------------+-------------+


+------------------------------------------------------+
; General Register Statistics                          ;
+----------------------------------------------+-------+
; Statistic                                    ; Value ;
+----------------------------------------------+-------+
; Total registers                              ; 0     ;
; Number of registers using Synchronous Clear  ; 0     ;
; Number of registers using Synchronous Load   ; 0     ;
; Number of registers using Asynchronous Clear ; 0     ;
; Number of registers using Asynchronous Load  ; 0     ;
; Number of registers using Clock Enable       ; 0     ;
; Number of registers using Preset             ; 0     ;
+----------------------------------------------+-------+


+---------------------------------------------------------------------+
; Parameter Settings for User Entity Instance: Top-level Entity: |alu ;
+----------------+-------+--------------------------------------------+
; Parameter Name ; Value ; Type                                       ;
+----------------+-------+--------------------------------------------+
; W              ; 4     ; Signed Integer                             ;
+----------------+-------+--------------------------------------------+
Note: In order to hide this table in the UI and the text report file, please set the "Show Parameter Settings in Synthesis Report" option in "Analysis and Synthesis Settings -> More Settings" to "Off".


+---------------------------------------------------------+
; Parameter Settings for User Entity Instance: sum_N:sumN ;
+----------------+-------+--------------------------------+
; Parameter Name ; Value ; Type                           ;
+----------------+-------+--------------------------------+
; m              ; 4     ; Signed Integer                 ;
+----------------+-------+--------------------------------+
Note: In order to hide this table in the UI and the text report file, please set the "Show Parameter Settings in Synthesis Report" option in "Analysis and Synthesis Settings -> More Settings" to "Off".


+--------------------------------------------------------------------+
; Parameter Settings for User Entity Instance: nBitsSubstractor:subs ;
+----------------+-------+-------------------------------------------+
; Parameter Name ; Value ; Type                                      ;
+----------------+-------+-------------------------------------------+
; n              ; 4     ; Signed Integer                            ;
+----------------+-------+-------------------------------------------+
Note: In order to hide this table in the UI and the text report file, please set the "Show Parameter Settings in Synthesis Report" option in "Analysis and Synthesis Settings -> More Settings" to "Off".


+-----------------------------------------------------------+
; Parameter Settings for User Entity Instance: division:div ;
+----------------+-------+----------------------------------+
; Parameter Name ; Value ; Type                             ;
+----------------+-------+----------------------------------+
; m              ; 4     ; Signed Integer                   ;
+----------------+-------+----------------------------------+
Note: In order to hide this table in the UI and the text report file, please set the "Show Parameter Settings in Synthesis Report" option in "Analysis and Synthesis Settings -> More Settings" to "Off".


+---------------------------------------------------------------------------------+
; Port Connectivity Checks: "nBitsSubstractor:subs|fullAdder:adder_loop[0].adder" ;
+------+-------+----------+-------------------------------------------------------+
; Port ; Type  ; Severity ; Details                                               ;
+------+-------+----------+-------------------------------------------------------+
; cin  ; Input ; Info     ; Stuck at VCC                                          ;
+------+-------+----------+-------------------------------------------------------+


+-----------------------------------------------------+
; Post-Synthesis Netlist Statistics for Top Partition ;
+-----------------------+-----------------------------+
; Type                  ; Count                       ;
+-----------------------+-----------------------------+
; arriav_lcell_comb     ; 65                          ;
;     arith             ; 15                          ;
;         0 data inputs ; 3                           ;
;         2 data inputs ; 3                           ;
;         4 data inputs ; 6                           ;
;         5 data inputs ; 3                           ;
;     extend            ; 4                           ;
;         7 data inputs ; 4                           ;
;     normal            ; 46                          ;
;         0 data inputs ; 2                           ;
;         1 data inputs ; 2                           ;
;         2 data inputs ; 2                           ;
;         3 data inputs ; 7                           ;
;         4 data inputs ; 14                          ;
;         5 data inputs ; 16                          ;
;         6 data inputs ; 3                           ;
; arriav_mac            ; 1                           ;
; boundary_port         ; 34                          ;
;                       ;                             ;
; Max LUT depth         ; 9.60                        ;
; Average LUT depth     ; 7.19                        ;
+-----------------------+-----------------------------+


+-------------------------------+
; Elapsed Time Per Partition    ;
+----------------+--------------+
; Partition Name ; Elapsed Time ;
+----------------+--------------+
; Top            ; 00:00:00     ;
+----------------+--------------+


+-------------------------------+
; Analysis & Synthesis Messages ;
+-------------------------------+
Info: *******************************************************************
Info: Running Quartus Prime Analysis & Synthesis
    Info: Version 23.1std.1 Build 993 05/14/2024 SC Lite Edition
    Info: Processing started: Sun Mar 23 00:08:58 2025
Info: Command: quartus_map --read_settings_files=on --write_settings_files=off sum_N -c sum_N
Warning (18236): Number of processors has not been specified which may cause overloading on shared machines.  Set the global assignment NUM_PARALLEL_PROCESSORS in your QSF to an appropriate value for best performance.
Info (20030): Parallel compilation is enabled and will use 8 of the 8 processors detected
Info (12021): Found 1 design units, including 1 entities, in source file bcd_4bits.sv
    Info (12023): Found entity 1: bcd_4bits File: D:/jserracin_fmendez_gvargas_digital_design_lab_2025/laboratorio_2/ALU/bcd_4bits.sv Line: 1
Info (12021): Found 1 design units, including 1 entities, in source file sum_n.sv
    Info (12023): Found entity 1: sum_N File: D:/jserracin_fmendez_gvargas_digital_design_lab_2025/laboratorio_2/ALU/sum_N.sv Line: 3
Info (12021): Found 1 design units, including 1 entities, in source file sum_n_tb.sv
    Info (12023): Found entity 1: sum_N_tb File: D:/jserracin_fmendez_gvargas_digital_design_lab_2025/laboratorio_2/ALU/sum_N_tb.sv Line: 3
Info (12021): Found 1 design units, including 1 entities, in source file alu.sv
    Info (12023): Found entity 1: alu File: D:/jserracin_fmendez_gvargas_digital_design_lab_2025/laboratorio_2/ALU/alu.sv Line: 1
Info (12021): Found 1 design units, including 1 entities, in source file fulladder.sv
    Info (12023): Found entity 1: fullAdder File: D:/jserracin_fmendez_gvargas_digital_design_lab_2025/laboratorio_2/ALU/fullAdder.sv Line: 1
Info (12021): Found 1 design units, including 1 entities, in source file nbitssubstractor.sv
    Info (12023): Found entity 1: nBitsSubstractor File: D:/jserracin_fmendez_gvargas_digital_design_lab_2025/laboratorio_2/ALU/nBitsSubstractor.sv Line: 1
Info (12021): Found 1 design units, including 1 entities, in source file nbitssubstractor_tb.sv
    Info (12023): Found entity 1: nBitsSubstractor_tb File: D:/jserracin_fmendez_gvargas_digital_design_lab_2025/laboratorio_2/ALU/nBitsSubstractor_tb.sv Line: 1
Info (12021): Found 1 design units, including 1 entities, in source file division.sv
    Info (12023): Found entity 1: division File: D:/jserracin_fmendez_gvargas_digital_design_lab_2025/laboratorio_2/ALU/division.sv Line: 14
Info (12021): Found 1 design units, including 1 entities, in source file division_tb.sv
    Info (12023): Found entity 1: division_tb File: D:/jserracin_fmendez_gvargas_digital_design_lab_2025/laboratorio_2/ALU/division_tb.sv Line: 9
Info (12021): Found 1 design units, including 1 entities, in source file alu_tb.sv
    Info (12023): Found entity 1: alu_tb File: D:/jserracin_fmendez_gvargas_digital_design_lab_2025/laboratorio_2/ALU/alu_tb.sv Line: 1
Info (12127): Elaborating entity "alu" for the top level hierarchy
Info (12128): Elaborating entity "sum_N" for hierarchy "sum_N:sumN" File: D:/jserracin_fmendez_gvargas_digital_design_lab_2025/laboratorio_2/ALU/alu.sv Line: 29
Info (12128): Elaborating entity "nBitsSubstractor" for hierarchy "nBitsSubstractor:subs" File: D:/jserracin_fmendez_gvargas_digital_design_lab_2025/laboratorio_2/ALU/alu.sv Line: 40
Info (12128): Elaborating entity "fullAdder" for hierarchy "nBitsSubstractor:subs|fullAdder:adder_loop[0].adder" File: D:/jserracin_fmendez_gvargas_digital_design_lab_2025/laboratorio_2/ALU/nBitsSubstractor.sv Line: 37
Info (12128): Elaborating entity "division" for hierarchy "division:div" File: D:/jserracin_fmendez_gvargas_digital_design_lab_2025/laboratorio_2/ALU/alu.sv Line: 51
Info (12128): Elaborating entity "bcd_4bits" for hierarchy "bcd_4bits:bcd" File: D:/jserracin_fmendez_gvargas_digital_design_lab_2025/laboratorio_2/ALU/alu.sv Line: 57
Warning (13024): Output pins are stuck at VCC or GND
    Warning (13410): Pin "seg_B[6]" is stuck at VCC File: D:/jserracin_fmendez_gvargas_digital_design_lab_2025/laboratorio_2/ALU/alu.sv Line: 11
    Warning (13410): Pin "seg_B[2]" is stuck at GND File: D:/jserracin_fmendez_gvargas_digital_design_lab_2025/laboratorio_2/ALU/alu.sv Line: 11
    Warning (13410): Pin "seg_B[1]" is stuck at GND File: D:/jserracin_fmendez_gvargas_digital_design_lab_2025/laboratorio_2/ALU/alu.sv Line: 11
    Warning (13410): Pin "V" is stuck at GND File: D:/jserracin_fmendez_gvargas_digital_design_lab_2025/laboratorio_2/ALU/alu.sv Line: 15
Info (286030): Timing-Driven Synthesis is running
Info (16010): Generating hard_block partition "hard_block:auto_generated_inst"
    Info (16011): Adding 0 node(s), including 0 DDIO, 0 PLL, 0 transceiver and 0 LCELL
Info (21057): Implemented 96 device resources after synthesis - the final resource count might be different
    Info (21058): Implemented 12 input pins
    Info (21059): Implemented 22 output pins
    Info (21061): Implemented 61 logic cells
    Info (21062): Implemented 1 DSP elements
Info: Quartus Prime Analysis & Synthesis was successful. 0 errors, 6 warnings
    Info: Peak virtual memory: 4851 megabytes
    Info: Processing ended: Sun Mar 23 00:09:08 2025
    Info: Elapsed time: 00:00:10
    Info: Total CPU time (on all processors): 00:00:24


